<?xml version="1.0" encoding="UTF-8"?>
<coverage generated="1714053281771" clover="3.2.0">
  <project timestamp="1714053281771" name="All files">
    <metrics statements="76" coveredstatements="40" conditionals="26" coveredconditionals="17" methods="23" coveredmethods="8" elements="125" coveredelements="65" complexity="0" loc="76" ncloc="76" packages="1" files="2" classes="2"/>
    <file name="DateConverter.js" path="C:\Users\Asus\Desktop\ES\ESGestaoSalas\src\DateConverter.js">
      <metrics statements="30" coveredstatements="30" conditionals="16" coveredconditionals="15" methods="5" coveredmethods="5"/>
      <line num="8" count="5" type="cond" truecount="2" falsecount="0"/>
      <line num="9" count="1" type="stmt"/>
      <line num="10" count="1" type="stmt"/>
      <line num="12" count="4" type="stmt"/>
      <line num="13" count="4" type="stmt"/>
      <line num="14" count="4" type="stmt"/>
      <line num="15" count="4" type="stmt"/>
      <line num="16" count="4" type="stmt"/>
      <line num="25" count="3" type="stmt"/>
      <line num="26" count="4" type="cond" truecount="2" falsecount="0"/>
      <line num="27" count="1" type="stmt"/>
      <line num="28" count="1" type="stmt"/>
      <line num="31" count="3" type="stmt"/>
      <line num="32" count="3" type="cond" truecount="2" falsecount="0"/>
      <line num="33" count="1" type="stmt"/>
      <line num="34" count="1" type="stmt"/>
      <line num="37" count="2" type="stmt"/>
      <line num="38" count="2" type="stmt"/>
      <line num="39" count="2" type="stmt"/>
      <line num="40" count="2" type="stmt"/>
      <line num="50" count="3" type="stmt"/>
      <line num="51" count="3" type="cond" truecount="1" falsecount="1"/>
      <line num="52" count="3" type="stmt"/>
      <line num="53" count="3" type="stmt"/>
      <line num="54" count="3" type="stmt"/>
      <line num="63" count="15" type="cond" truecount="4" falsecount="0"/>
      <line num="65" count="5" type="stmt"/>
      <line num="66" count="10" type="cond" truecount="4" falsecount="0"/>
      <line num="68" count="4" type="stmt"/>
      <line num="71" count="6" type="stmt"/>
    </file>
    <file name="script.js" path="C:\Users\Asus\Desktop\ES\ESGestaoSalas\src\script.js">
      <metrics statements="46" coveredstatements="10" conditionals="10" coveredconditionals="2" methods="18" coveredmethods="3"/>
      <line num="13" count="1" type="stmt"/>
      <line num="25" count="1" type="stmt"/>
      <line num="27" count="0" type="stmt"/>
      <line num="28" count="0" type="stmt"/>
      <line num="29" count="0" type="cond" truecount="0" falsecount="2"/>
      <line num="30" count="0" type="stmt"/>
      <line num="31" count="0" type="cond" truecount="0" falsecount="2"/>
      <line num="32" count="0" type="stmt"/>
      <line num="35" count="0" type="stmt"/>
      <line num="39" count="0" type="stmt"/>
      <line num="40" count="0" type="stmt"/>
      <line num="44" count="0" type="stmt"/>
      <line num="45" count="0" type="stmt"/>
      <line num="48" count="0" type="stmt"/>
      <line num="49" count="0" type="stmt"/>
      <line num="52" count="0" type="stmt"/>
      <line num="57" count="1" type="stmt"/>
      <line num="60" count="0" type="stmt"/>
      <line num="71" count="3" type="cond" truecount="2" falsecount="0"/>
      <line num="73" count="1" type="stmt"/>
      <line num="77" count="0" type="stmt"/>
      <line num="78" count="0" type="stmt"/>
      <line num="81" count="0" type="stmt"/>
      <line num="82" count="0" type="stmt"/>
      <line num="87" count="2" type="stmt"/>
      <line num="88" count="2" type="stmt"/>
      <line num="92" count="0" type="stmt"/>
      <line num="93" count="0" type="stmt"/>
      <line num="100" count="0" type="stmt"/>
      <line num="151" count="0" type="stmt"/>
      <line num="178" count="0" type="stmt"/>
      <line num="180" count="0" type="stmt"/>
      <line num="181" count="0" type="stmt"/>
      <line num="183" count="0" type="cond" truecount="0" falsecount="2"/>
      <line num="184" count="0" type="stmt"/>
      <line num="185" count="0" type="stmt"/>
      <line num="187" count="0" type="stmt"/>
      <line num="188" count="0" type="stmt"/>
      <line num="189" count="0" type="stmt"/>
      <line num="190" count="0" type="cond" truecount="0" falsecount="2"/>
      <line num="191" count="0" type="stmt"/>
      <line num="192" count="0" type="stmt"/>
      <line num="195" count="0" type="stmt"/>
      <line num="204" count="2" type="stmt"/>
      <line num="205" count="2" type="stmt"/>
      <line num="210" count="1" type="stmt"/>
    </file>
  </project>
</coverage>
