{"C:\\Users\\Costa\\Documents\\GitHub\\ESGestaoSalas\\src\\script.js": {"path":"C:\\Users\\Costa\\Documents\\GitHub\\ESGestaoSalas\\src\\script.js","statementMap":{"0":{"start":{"line":14,"column":0},"end":{"line":37,"column":3}},"1":{"start":{"line":16,"column":4},"end":{"line":26,"column":7}},"2":{"start":{"line":17,"column":22},"end":{"line":17,"column":116}},"3":{"start":{"line":18,"column":8},"end":{"line":25,"column":9}},"4":{"start":{"line":19,"column":24},"end":{"line":19,"column":53}},"5":{"start":{"line":20,"column":12},"end":{"line":22,"column":13}},"6":{"start":{"line":21,"column":16},"end":{"line":21,"column":38}},"7":{"start":{"line":24,"column":12},"end":{"line":24,"column":56}},"8":{"start":{"line":29,"column":4},"end":{"line":29,"column":92}},"9":{"start":{"line":32,"column":4},"end":{"line":32,"column":96}},"10":{"start":{"line":32,"column":74},"end":{"line":32,"column":94}},"11":{"start":{"line":33,"column":4},"end":{"line":33,"column":94}},"12":{"start":{"line":33,"column":73},"end":{"line":33,"column":92}},"13":{"start":{"line":36,"column":4},"end":{"line":36,"column":91}},"14":{"start":{"line":40,"column":17},"end":{"line":40,"column":22}},"15":{"start":{"line":48,"column":4},"end":{"line":73,"column":5}},"16":{"start":{"line":50,"column":8},"end":{"line":61,"column":11}},"17":{"start":{"line":54,"column":38},"end":{"line":54,"column":66}},"18":{"start":{"line":55,"column":16},"end":{"line":55,"column":47}},"19":{"start":{"line":58,"column":16},"end":{"line":58,"column":65}},"20":{"start":{"line":59,"column":16},"end":{"line":59,"column":104}},"21":{"start":{"line":64,"column":20},"end":{"line":64,"column":45}},"22":{"start":{"line":65,"column":8},"end":{"line":72,"column":11}},"23":{"start":{"line":69,"column":38},"end":{"line":69,"column":66}},"24":{"start":{"line":70,"column":16},"end":{"line":70,"column":46}},"25":{"start":{"line":82,"column":4},"end":{"line":85,"column":5}},"26":{"start":{"line":83,"column":8},"end":{"line":83,"column":72}},"27":{"start":{"line":84,"column":8},"end":{"line":84,"column":20}},"28":{"start":{"line":86,"column":18},"end":{"line":86,"column":32}},"29":{"start":{"line":87,"column":16},"end":{"line":87,"column":38}},"30":{"start":{"line":88,"column":18},"end":{"line":88,"column":44}},"31":{"start":{"line":89,"column":17},"end":{"line":89,"column":39}},"32":{"start":{"line":90,"column":4},"end":{"line":90,"column":38}},"33":{"start":{"line":99,"column":4},"end":{"line":115,"column":7}},"34":{"start":{"line":100,"column":8},"end":{"line":103,"column":9}},"35":{"start":{"line":101,"column":12},"end":{"line":101,"column":67}},"36":{"start":{"line":102,"column":12},"end":{"line":102,"column":23}},"37":{"start":{"line":105,"column":21},"end":{"line":105,"column":55}},"38":{"start":{"line":106,"column":8},"end":{"line":109,"column":9}},"39":{"start":{"line":107,"column":12},"end":{"line":107,"column":68}},"40":{"start":{"line":108,"column":12},"end":{"line":108,"column":23}},"41":{"start":{"line":111,"column":27},"end":{"line":111,"column":46}},"42":{"start":{"line":112,"column":8},"end":{"line":112,"column":42}},"43":{"start":{"line":113,"column":8},"end":{"line":113,"column":70}},"44":{"start":{"line":114,"column":8},"end":{"line":114,"column":19}},"45":{"start":{"line":124,"column":4},"end":{"line":124,"column":71}},"46":{"start":{"line":125,"column":4},"end":{"line":125,"column":60}},"47":{"start":{"line":126,"column":22},"end":{"line":126,"column":66}},"48":{"start":{"line":127,"column":19},"end":{"line":127,"column":68}},"49":{"start":{"line":128,"column":4},"end":{"line":128,"column":18}},"50":{"start":{"line":137,"column":4},"end":{"line":146,"column":5}},"51":{"start":{"line":139,"column":8},"end":{"line":139,"column":30}},"52":{"start":{"line":140,"column":11},"end":{"line":146,"column":5}},"53":{"start":{"line":142,"column":8},"end":{"line":142,"column":31}},"54":{"start":{"line":145,"column":8},"end":{"line":145,"column":34}},"55":{"start":{"line":154,"column":4},"end":{"line":174,"column":7}},"56":{"start":{"line":181,"column":20},"end":{"line":181,"column":46}},"57":{"start":{"line":183,"column":4},"end":{"line":183,"column":53}},"58":{"start":{"line":184,"column":4},"end":{"line":184,"column":55}},"59":{"start":{"line":186,"column":4},"end":{"line":199,"column":5}},"60":{"start":{"line":187,"column":8},"end":{"line":187,"column":108}},"61":{"start":{"line":187,"column":49},"end":{"line":187,"column":104}},"62":{"start":{"line":188,"column":8},"end":{"line":188,"column":46}},"63":{"start":{"line":190,"column":8},"end":{"line":190,"column":34}},"64":{"start":{"line":191,"column":8},"end":{"line":197,"column":11}},"65":{"start":{"line":192,"column":12},"end":{"line":196,"column":15}},"66":{"start":{"line":193,"column":35},"end":{"line":193,"column":104}},"67":{"start":{"line":194,"column":36},"end":{"line":194,"column":73}},"68":{"start":{"line":195,"column":16},"end":{"line":195,"column":56}},"69":{"start":{"line":198,"column":8},"end":{"line":198,"column":45}},"70":{"start":{"line":207,"column":4},"end":{"line":207,"column":22}},"71":{"start":{"line":208,"column":4},"end":{"line":208,"column":61}},"72":{"start":{"line":216,"column":0},"end":{"line":216,"column":152}}},"fnMap":{"0":{"name":"(anonymous_0)","decl":{"start":{"line":14,"column":46},"end":{"line":14,"column":47}},"loc":{"start":{"line":14,"column":52},"end":{"line":37,"column":1}},"line":14},"1":{"name":"(anonymous_1)","decl":{"start":{"line":16,"column":76},"end":{"line":16,"column":77}},"loc":{"start":{"line":16,"column":87},"end":{"line":26,"column":5}},"line":16},"2":{"name":"(anonymous_2)","decl":{"start":{"line":32,"column":68},"end":{"line":32,"column":69}},"loc":{"start":{"line":32,"column":74},"end":{"line":32,"column":94}},"line":32},"3":{"name":"(anonymous_3)","decl":{"start":{"line":33,"column":67},"end":{"line":33,"column":68}},"loc":{"start":{"line":33,"column":73},"end":{"line":33,"column":92}},"line":33},"4":{"name":"handleFileSelect","decl":{"start":{"line":47,"column":9},"end":{"line":47,"column":25}},"loc":{"start":{"line":47,"column":37},"end":{"line":74,"column":1}},"line":47},"5":{"name":"(anonymous_5)","decl":{"start":{"line":53,"column":22},"end":{"line":53,"column":23}},"loc":{"start":{"line":53,"column":39},"end":{"line":56,"column":13}},"line":53},"6":{"name":"(anonymous_6)","decl":{"start":{"line":57,"column":19},"end":{"line":57,"column":20}},"loc":{"start":{"line":57,"column":35},"end":{"line":60,"column":13}},"line":57},"7":{"name":"(anonymous_7)","decl":{"start":{"line":68,"column":22},"end":{"line":68,"column":23}},"loc":{"start":{"line":68,"column":40},"end":{"line":71,"column":13}},"line":68},"8":{"name":"convertToDate","decl":{"start":{"line":81,"column":9},"end":{"line":81,"column":22}},"loc":{"start":{"line":81,"column":28},"end":{"line":91,"column":1}},"line":81},"9":{"name":"addWeeksToData","decl":{"start":{"line":98,"column":9},"end":{"line":98,"column":23}},"loc":{"start":{"line":98,"column":30},"end":{"line":116,"column":1}},"line":98},"10":{"name":"(anonymous_10)","decl":{"start":{"line":99,"column":20},"end":{"line":99,"column":21}},"loc":{"start":{"line":99,"column":27},"end":{"line":115,"column":5}},"line":99},"11":{"name":"getWeekNumber","decl":{"start":{"line":123,"column":9},"end":{"line":123,"column":22}},"loc":{"start":{"line":123,"column":26},"end":{"line":129,"column":1}},"line":123},"12":{"name":"getSemesterWeekNumber","decl":{"start":{"line":136,"column":9},"end":{"line":136,"column":30}},"loc":{"start":{"line":136,"column":43},"end":{"line":147,"column":1}},"line":136},"13":{"name":"initializeTable","decl":{"start":{"line":153,"column":9},"end":{"line":153,"column":24}},"loc":{"start":{"line":153,"column":31},"end":{"line":175,"column":1}},"line":153},"14":{"name":"applyCustomFilters","decl":{"start":{"line":180,"column":9},"end":{"line":180,"column":27}},"loc":{"start":{"line":180,"column":30},"end":{"line":200,"column":1}},"line":180},"15":{"name":"(anonymous_15)","decl":{"start":{"line":187,"column":38},"end":{"line":187,"column":39}},"loc":{"start":{"line":187,"column":49},"end":{"line":187,"column":104}},"line":187},"16":{"name":"(anonymous_16)","decl":{"start":{"line":191,"column":26},"end":{"line":191,"column":27}},"loc":{"start":{"line":191,"column":36},"end":{"line":197,"column":9}},"line":191},"17":{"name":"(anonymous_17)","decl":{"start":{"line":192,"column":32},"end":{"line":192,"column":33}},"loc":{"start":{"line":192,"column":42},"end":{"line":196,"column":13}},"line":192},"18":{"name":"setFilterMode","decl":{"start":{"line":206,"column":9},"end":{"line":206,"column":22}},"loc":{"start":{"line":206,"column":29},"end":{"line":209,"column":1}},"line":206}},"branchMap":{"0":{"loc":{"start":{"line":18,"column":8},"end":{"line":25,"column":9}},"type":"if","locations":[{"start":{"line":18,"column":8},"end":{"line":25,"column":9}},{"start":{"line":23,"column":15},"end":{"line":25,"column":9}}],"line":18},"1":{"loc":{"start":{"line":20,"column":12},"end":{"line":22,"column":13}},"type":"if","locations":[{"start":{"line":20,"column":12},"end":{"line":22,"column":13}},{"start":{},"end":{}}],"line":20},"2":{"loc":{"start":{"line":48,"column":4},"end":{"line":73,"column":5}},"type":"if","locations":[{"start":{"line":48,"column":4},"end":{"line":73,"column":5}},{"start":{"line":62,"column":11},"end":{"line":73,"column":5}}],"line":48},"3":{"loc":{"start":{"line":82,"column":4},"end":{"line":85,"column":5}},"type":"if","locations":[{"start":{"line":82,"column":4},"end":{"line":85,"column":5}},{"start":{},"end":{}}],"line":82},"4":{"loc":{"start":{"line":100,"column":8},"end":{"line":103,"column":9}},"type":"if","locations":[{"start":{"line":100,"column":8},"end":{"line":103,"column":9}},{"start":{},"end":{}}],"line":100},"5":{"loc":{"start":{"line":106,"column":8},"end":{"line":109,"column":9}},"type":"if","locations":[{"start":{"line":106,"column":8},"end":{"line":109,"column":9}},{"start":{},"end":{}}],"line":106},"6":{"loc":{"start":{"line":125,"column":39},"end":{"line":125,"column":57}},"type":"binary-expr","locations":[{"start":{"line":125,"column":39},"end":{"line":125,"column":52}},{"start":{"line":125,"column":56},"end":{"line":125,"column":57}}],"line":125},"7":{"loc":{"start":{"line":137,"column":4},"end":{"line":146,"column":5}},"type":"if","locations":[{"start":{"line":137,"column":4},"end":{"line":146,"column":5}},{"start":{"line":140,"column":11},"end":{"line":146,"column":5}}],"line":137},"8":{"loc":{"start":{"line":137,"column":8},"end":{"line":137,"column":43}},"type":"binary-expr","locations":[{"start":{"line":137,"column":8},"end":{"line":137,"column":23}},{"start":{"line":137,"column":27},"end":{"line":137,"column":43}}],"line":137},"9":{"loc":{"start":{"line":140,"column":11},"end":{"line":146,"column":5}},"type":"if","locations":[{"start":{"line":140,"column":11},"end":{"line":146,"column":5}},{"start":{"line":143,"column":11},"end":{"line":146,"column":5}}],"line":140},"10":{"loc":{"start":{"line":140,"column":15},"end":{"line":140,"column":51}},"type":"binary-expr","locations":[{"start":{"line":140,"column":15},"end":{"line":140,"column":31}},{"start":{"line":140,"column":35},"end":{"line":140,"column":51}}],"line":140},"11":{"loc":{"start":{"line":186,"column":4},"end":{"line":199,"column":5}},"type":"if","locations":[{"start":{"line":186,"column":4},"end":{"line":199,"column":5}},{"start":{"line":189,"column":11},"end":{"line":199,"column":5}}],"line":186},"12":{"loc":{"start":{"line":193,"column":35},"end":{"line":193,"column":104}},"type":"cond-expr","locations":[{"start":{"line":193,"column":56},"end":{"line":193,"column":99}},{"start":{"line":193,"column":102},"end":{"line":193,"column":104}}],"line":193}},"s":{"0":1,"1":0,"2":0,"3":0,"4":0,"5":0,"6":0,"7":0,"8":0,"9":0,"10":0,"11":0,"12":0,"13":0,"14":1,"15":1,"16":0,"17":0,"18":0,"19":0,"20":0,"21":1,"22":1,"23":0,"24":0,"25":5,"26":1,"27":1,"28":4,"29":4,"30":4,"31":4,"32":4,"33":3,"34":4,"35":1,"36":1,"37":3,"38":3,"39":1,"40":1,"41":2,"42":2,"43":2,"44":2,"45":3,"46":3,"47":3,"48":3,"49":3,"50":15,"51":5,"52":10,"53":4,"54":6,"55":0,"56":0,"57":0,"58":0,"59":0,"60":0,"61":0,"62":0,"63":0,"64":0,"65":0,"66":0,"67":0,"68":0,"69":0,"70":2,"71":2,"72":1},"f":{"0":0,"1":0,"2":0,"3":0,"4":1,"5":0,"6":0,"7":0,"8":5,"9":3,"10":4,"11":3,"12":15,"13":0,"14":0,"15":0,"16":0,"17":0,"18":2},"b":{"0":[0,0],"1":[0,0],"2":[0,1],"3":[1,4],"4":[1,3],"5":[1,2],"6":[3,0],"7":[5,10],"8":[15,12],"9":[4,6],"10":[10,5],"11":[0,0],"12":[0,0]},"_coverageSchema":"1a1c01bbd47fc00a2c39e90264f33305004495a9","hash":"b5c77303ee3f17a4b80f9a904ba6df3d92cc1bcb"}
}
