{"C:\\Users\\edgar\\Documents\\Mycode\\Projeto ES\\ESGestaoSalas\\src\\DateConverter.js": {"path":"C:\\Users\\edgar\\Documents\\Mycode\\Projeto ES\\ESGestaoSalas\\src\\DateConverter.js","statementMap":{"0":{"start":{"line":8,"column":8},"end":{"line":11,"column":9}},"1":{"start":{"line":9,"column":12},"end":{"line":9,"column":76}},"2":{"start":{"line":10,"column":12},"end":{"line":10,"column":24}},"3":{"start":{"line":12,"column":22},"end":{"line":12,"column":36}},"4":{"start":{"line":13,"column":20},"end":{"line":13,"column":42}},"5":{"start":{"line":14,"column":22},"end":{"line":14,"column":48}},"6":{"start":{"line":15,"column":21},"end":{"line":15,"column":43}},"7":{"start":{"line":16,"column":8},"end":{"line":16,"column":42}},"8":{"start":{"line":25,"column":8},"end":{"line":41,"column":11}},"9":{"start":{"line":26,"column":12},"end":{"line":29,"column":13}},"10":{"start":{"line":27,"column":16},"end":{"line":27,"column":71}},"11":{"start":{"line":28,"column":16},"end":{"line":28,"column":27}},"12":{"start":{"line":31,"column":25},"end":{"line":31,"column":73}},"13":{"start":{"line":32,"column":12},"end":{"line":35,"column":13}},"14":{"start":{"line":33,"column":16},"end":{"line":33,"column":72}},"15":{"start":{"line":34,"column":16},"end":{"line":34,"column":27}},"16":{"start":{"line":37,"column":31},"end":{"line":37,"column":64}},"17":{"start":{"line":38,"column":12},"end":{"line":38,"column":46}},"18":{"start":{"line":39,"column":12},"end":{"line":39,"column":88}},"19":{"start":{"line":40,"column":12},"end":{"line":40,"column":23}},"20":{"start":{"line":50,"column":8},"end":{"line":50,"column":75}},"21":{"start":{"line":51,"column":8},"end":{"line":51,"column":64}},"22":{"start":{"line":52,"column":26},"end":{"line":52,"column":70}},"23":{"start":{"line":53,"column":23},"end":{"line":53,"column":72}},"24":{"start":{"line":54,"column":8},"end":{"line":54,"column":22}},"25":{"start":{"line":63,"column":8},"end":{"line":69,"column":9}},"26":{"start":{"line":64,"column":12},"end":{"line":64,"column":34}},"27":{"start":{"line":65,"column":15},"end":{"line":69,"column":9}},"28":{"start":{"line":66,"column":12},"end":{"line":66,"column":35}},"29":{"start":{"line":68,"column":12},"end":{"line":68,"column":38}}},"fnMap":{"0":{"name":"(anonymous_0)","decl":{"start":{"line":7,"column":4},"end":{"line":7,"column":5}},"loc":{"start":{"line":7,"column":30},"end":{"line":17,"column":5}},"line":7},"1":{"name":"(anonymous_1)","decl":{"start":{"line":24,"column":4},"end":{"line":24,"column":5}},"loc":{"start":{"line":24,"column":32},"end":{"line":42,"column":5}},"line":24},"2":{"name":"(anonymous_2)","decl":{"start":{"line":25,"column":24},"end":{"line":25,"column":25}},"loc":{"start":{"line":25,"column":31},"end":{"line":41,"column":9}},"line":25},"3":{"name":"(anonymous_3)","decl":{"start":{"line":49,"column":4},"end":{"line":49,"column":5}},"loc":{"start":{"line":49,"column":28},"end":{"line":55,"column":5}},"line":49},"4":{"name":"(anonymous_4)","decl":{"start":{"line":62,"column":4},"end":{"line":62,"column":5}},"loc":{"start":{"line":62,"column":45},"end":{"line":70,"column":5}},"line":62}},"branchMap":{"0":{"loc":{"start":{"line":8,"column":8},"end":{"line":11,"column":9}},"type":"if","locations":[{"start":{"line":8,"column":8},"end":{"line":11,"column":9}},{"start":{},"end":{}}],"line":8},"1":{"loc":{"start":{"line":26,"column":12},"end":{"line":29,"column":13}},"type":"if","locations":[{"start":{"line":26,"column":12},"end":{"line":29,"column":13}},{"start":{},"end":{}}],"line":26},"2":{"loc":{"start":{"line":32,"column":12},"end":{"line":35,"column":13}},"type":"if","locations":[{"start":{"line":32,"column":12},"end":{"line":35,"column":13}},{"start":{},"end":{}}],"line":32},"3":{"loc":{"start":{"line":51,"column":43},"end":{"line":51,"column":61}},"type":"binary-expr","locations":[{"start":{"line":51,"column":43},"end":{"line":51,"column":56}},{"start":{"line":51,"column":60},"end":{"line":51,"column":61}}],"line":51},"4":{"loc":{"start":{"line":63,"column":8},"end":{"line":69,"column":9}},"type":"if","locations":[{"start":{"line":63,"column":8},"end":{"line":69,"column":9}},{"start":{"line":65,"column":15},"end":{"line":69,"column":9}}],"line":63},"5":{"loc":{"start":{"line":63,"column":12},"end":{"line":63,"column":47}},"type":"binary-expr","locations":[{"start":{"line":63,"column":12},"end":{"line":63,"column":27}},{"start":{"line":63,"column":31},"end":{"line":63,"column":47}}],"line":63},"6":{"loc":{"start":{"line":65,"column":15},"end":{"line":69,"column":9}},"type":"if","locations":[{"start":{"line":65,"column":15},"end":{"line":69,"column":9}},{"start":{"line":67,"column":15},"end":{"line":69,"column":9}}],"line":65},"7":{"loc":{"start":{"line":65,"column":19},"end":{"line":65,"column":55}},"type":"binary-expr","locations":[{"start":{"line":65,"column":19},"end":{"line":65,"column":35}},{"start":{"line":65,"column":39},"end":{"line":65,"column":55}}],"line":65}},"s":{"0":5,"1":1,"2":1,"3":4,"4":4,"5":4,"6":4,"7":4,"8":3,"9":4,"10":1,"11":1,"12":3,"13":3,"14":1,"15":1,"16":2,"17":2,"18":2,"19":2,"20":3,"21":3,"22":3,"23":3,"24":3,"25":15,"26":5,"27":10,"28":4,"29":6},"f":{"0":5,"1":3,"2":4,"3":3,"4":15},"b":{"0":[1,4],"1":[1,3],"2":[1,2],"3":[3,0],"4":[5,10],"5":[15,12],"6":[4,6],"7":[10,5]},"_coverageSchema":"1a1c01bbd47fc00a2c39e90264f33305004495a9","hash":"a0b2c1d805a3ee3419c5766a844d0a1a1c02b734"}
,"C:\\Users\\edgar\\Documents\\Mycode\\Projeto ES\\ESGestaoSalas\\src\\script.js": {"path":"C:\\Users\\edgar\\Documents\\Mycode\\Projeto ES\\ESGestaoSalas\\src\\script.js","statementMap":{"0":{"start":{"line":7,"column":17},"end":{"line":7,"column":22}},"1":{"start":{"line":14,"column":0},"end":{"line":155,"column":3}},"2":{"start":{"line":15,"column":4},"end":{"line":25,"column":7}},"3":{"start":{"line":16,"column":22},"end":{"line":16,"column":116}},"4":{"start":{"line":17,"column":8},"end":{"line":24,"column":9}},"5":{"start":{"line":18,"column":24},"end":{"line":18,"column":53}},"6":{"start":{"line":19,"column":12},"end":{"line":21,"column":13}},"7":{"start":{"line":20,"column":16},"end":{"line":20,"column":38}},"8":{"start":{"line":23,"column":12},"end":{"line":23,"column":56}},"9":{"start":{"line":27,"column":4},"end":{"line":33,"column":7}},"10":{"start":{"line":28,"column":8},"end":{"line":28,"column":73}},"11":{"start":{"line":29,"column":8},"end":{"line":29,"column":73}},"12":{"start":{"line":30,"column":8},"end":{"line":30,"column":77}},"13":{"start":{"line":31,"column":8},"end":{"line":31,"column":78}},"14":{"start":{"line":32,"column":8},"end":{"line":32,"column":70}},"15":{"start":{"line":35,"column":4},"end":{"line":41,"column":7}},"16":{"start":{"line":36,"column":8},"end":{"line":36,"column":72}},"17":{"start":{"line":37,"column":8},"end":{"line":37,"column":74}},"18":{"start":{"line":38,"column":8},"end":{"line":38,"column":77}},"19":{"start":{"line":39,"column":8},"end":{"line":39,"column":78}},"20":{"start":{"line":40,"column":8},"end":{"line":40,"column":70}},"21":{"start":{"line":43,"column":4},"end":{"line":45,"column":7}},"22":{"start":{"line":44,"column":8},"end":{"line":44,"column":20}},"23":{"start":{"line":47,"column":4},"end":{"line":49,"column":7}},"24":{"start":{"line":48,"column":8},"end":{"line":48,"column":22}},"25":{"start":{"line":51,"column":4},"end":{"line":53,"column":7}},"26":{"start":{"line":52,"column":8},"end":{"line":52,"column":58}},"27":{"start":{"line":55,"column":4},"end":{"line":55,"column":92}},"28":{"start":{"line":56,"column":4},"end":{"line":56,"column":101}},"29":{"start":{"line":58,"column":4},"end":{"line":58,"column":96}},"30":{"start":{"line":58,"column":74},"end":{"line":58,"column":94}},"31":{"start":{"line":59,"column":4},"end":{"line":59,"column":94}},"32":{"start":{"line":59,"column":73},"end":{"line":59,"column":92}},"33":{"start":{"line":61,"column":4},"end":{"line":61,"column":91}},"34":{"start":{"line":62,"column":4},"end":{"line":62,"column":83}},"35":{"start":{"line":63,"column":4},"end":{"line":63,"column":81}},"36":{"start":{"line":65,"column":4},"end":{"line":65,"column":96}},"37":{"start":{"line":67,"column":4},"end":{"line":67,"column":100}},"38":{"start":{"line":70,"column":18},"end":{"line":70,"column":63}},"39":{"start":{"line":71,"column":17},"end":{"line":71,"column":60}},"40":{"start":{"line":73,"column":4},"end":{"line":75,"column":6}},"41":{"start":{"line":74,"column":8},"end":{"line":74,"column":37}},"42":{"start":{"line":77,"column":4},"end":{"line":81,"column":6}},"43":{"start":{"line":78,"column":8},"end":{"line":80,"column":9}},"44":{"start":{"line":79,"column":12},"end":{"line":79,"column":41}},"45":{"start":{"line":84,"column":20},"end":{"line":84,"column":66}},"46":{"start":{"line":85,"column":19},"end":{"line":85,"column":65}},"47":{"start":{"line":87,"column":4},"end":{"line":89,"column":6}},"48":{"start":{"line":88,"column":8},"end":{"line":88,"column":39}},"49":{"start":{"line":91,"column":4},"end":{"line":95,"column":6}},"50":{"start":{"line":92,"column":8},"end":{"line":94,"column":9}},"51":{"start":{"line":93,"column":12},"end":{"line":93,"column":43}},"52":{"start":{"line":98,"column":4},"end":{"line":118,"column":7}},"53":{"start":{"line":99,"column":8},"end":{"line":99,"column":31}},"54":{"start":{"line":100,"column":26},"end":{"line":100,"column":69}},"55":{"start":{"line":101,"column":24},"end":{"line":101,"column":65}},"56":{"start":{"line":102,"column":31},"end":{"line":102,"column":90}},"57":{"start":{"line":103,"column":31},"end":{"line":103,"column":90}},"58":{"start":{"line":104,"column":31},"end":{"line":104,"column":90}},"59":{"start":{"line":105,"column":30},"end":{"line":105,"column":88}},"60":{"start":{"line":107,"column":24},"end":{"line":114,"column":9}},"61":{"start":{"line":116,"column":8},"end":{"line":116,"column":37}},"62":{"start":{"line":117,"column":8},"end":{"line":117,"column":39}},"63":{"start":{"line":122,"column":4},"end":{"line":146,"column":7}},"64":{"start":{"line":123,"column":8},"end":{"line":123,"column":31}},"65":{"start":{"line":124,"column":23},"end":{"line":124,"column":63}},"66":{"start":{"line":125,"column":32},"end":{"line":125,"column":82}},"67":{"start":{"line":126,"column":28},"end":{"line":126,"column":74}},"68":{"start":{"line":127,"column":26},"end":{"line":127,"column":70}},"69":{"start":{"line":128,"column":33},"end":{"line":128,"column":95}},"70":{"start":{"line":129,"column":33},"end":{"line":129,"column":95}},"71":{"start":{"line":130,"column":33},"end":{"line":130,"column":95}},"72":{"start":{"line":131,"column":32},"end":{"line":131,"column":93}},"73":{"start":{"line":133,"column":24},"end":{"line":142,"column":9}},"74":{"start":{"line":144,"column":8},"end":{"line":144,"column":39}},"75":{"start":{"line":145,"column":8},"end":{"line":145,"column":39}},"76":{"start":{"line":149,"column":4},"end":{"line":149,"column":96}},"77":{"start":{"line":150,"column":4},"end":{"line":150,"column":92}},"78":{"start":{"line":153,"column":4},"end":{"line":153,"column":99}},"79":{"start":{"line":154,"column":4},"end":{"line":154,"column":95}},"80":{"start":{"line":158,"column":18},"end":{"line":158,"column":63}},"81":{"start":{"line":159,"column":4},"end":{"line":159,"column":34}},"82":{"start":{"line":163,"column":18},"end":{"line":163,"column":64}},"83":{"start":{"line":164,"column":4},"end":{"line":164,"column":34}},"84":{"start":{"line":168,"column":4},"end":{"line":176,"column":7}},"85":{"start":{"line":172,"column":12},"end":{"line":172,"column":33}},"86":{"start":{"line":173,"column":12},"end":{"line":173,"column":36}},"87":{"start":{"line":174,"column":12},"end":{"line":174,"column":31}},"88":{"start":{"line":180,"column":4},"end":{"line":203,"column":5}},"89":{"start":{"line":181,"column":8},"end":{"line":192,"column":11}},"90":{"start":{"line":185,"column":16},"end":{"line":185,"column":69}},"91":{"start":{"line":186,"column":16},"end":{"line":186,"column":41}},"92":{"start":{"line":189,"column":16},"end":{"line":189,"column":65}},"93":{"start":{"line":190,"column":16},"end":{"line":190,"column":105}},"94":{"start":{"line":194,"column":21},"end":{"line":194,"column":46}},"95":{"start":{"line":195,"column":8},"end":{"line":202,"column":11}},"96":{"start":{"line":199,"column":16},"end":{"line":199,"column":69}},"97":{"start":{"line":200,"column":16},"end":{"line":200,"column":41}},"98":{"start":{"line":207,"column":4},"end":{"line":249,"column":7}},"99":{"start":{"line":253,"column":4},"end":{"line":273,"column":7}},"100":{"start":{"line":277,"column":20},"end":{"line":277,"column":46}},"101":{"start":{"line":278,"column":4},"end":{"line":278,"column":53}},"102":{"start":{"line":279,"column":4},"end":{"line":279,"column":55}},"103":{"start":{"line":281,"column":4},"end":{"line":294,"column":5}},"104":{"start":{"line":282,"column":8},"end":{"line":282,"column":111}},"105":{"start":{"line":282,"column":49},"end":{"line":282,"column":107}},"106":{"start":{"line":283,"column":8},"end":{"line":283,"column":46}},"107":{"start":{"line":285,"column":8},"end":{"line":285,"column":34}},"108":{"start":{"line":286,"column":8},"end":{"line":292,"column":11}},"109":{"start":{"line":287,"column":12},"end":{"line":291,"column":15}},"110":{"start":{"line":288,"column":35},"end":{"line":288,"column":104}},"111":{"start":{"line":289,"column":36},"end":{"line":289,"column":73}},"112":{"start":{"line":290,"column":16},"end":{"line":290,"column":56}},"113":{"start":{"line":293,"column":8},"end":{"line":293,"column":45}},"114":{"start":{"line":298,"column":4},"end":{"line":298,"column":22}},"115":{"start":{"line":299,"column":4},"end":{"line":299,"column":61}},"116":{"start":{"line":303,"column":15},"end":{"line":303,"column":32}},"117":{"start":{"line":304,"column":18},"end":{"line":304,"column":38}},"118":{"start":{"line":305,"column":4},"end":{"line":305,"column":62}},"119":{"start":{"line":309,"column":4},"end":{"line":309,"column":41}},"120":{"start":{"line":313,"column":15},"end":{"line":313,"column":54}},"121":{"start":{"line":314,"column":14},"end":{"line":314,"column":46}},"122":{"start":{"line":315,"column":12},"end":{"line":315,"column":39}},"123":{"start":{"line":316,"column":4},"end":{"line":316,"column":17}},"124":{"start":{"line":317,"column":4},"end":{"line":317,"column":26}},"125":{"start":{"line":318,"column":4},"end":{"line":318,"column":33}},"126":{"start":{"line":319,"column":4},"end":{"line":319,"column":14}},"127":{"start":{"line":320,"column":4},"end":{"line":323,"column":10}},"128":{"start":{"line":321,"column":8},"end":{"line":321,"column":40}},"129":{"start":{"line":322,"column":8},"end":{"line":322,"column":37}},"130":{"start":{"line":328,"column":4},"end":{"line":328,"column":37}},"131":{"start":{"line":330,"column":4},"end":{"line":330,"column":68}},"132":{"start":{"line":331,"column":4},"end":{"line":331,"column":69}},"133":{"start":{"line":332,"column":4},"end":{"line":332,"column":74}},"134":{"start":{"line":333,"column":4},"end":{"line":333,"column":66}},"135":{"start":{"line":336,"column":19},"end":{"line":336,"column":64}},"136":{"start":{"line":337,"column":4},"end":{"line":341,"column":5}},"137":{"start":{"line":338,"column":8},"end":{"line":338,"column":49}},"138":{"start":{"line":339,"column":8},"end":{"line":339,"column":43}},"139":{"start":{"line":340,"column":8},"end":{"line":340,"column":44}},"140":{"start":{"line":344,"column":30},"end":{"line":344,"column":75}},"141":{"start":{"line":345,"column":4},"end":{"line":345,"column":58}},"142":{"start":{"line":346,"column":4},"end":{"line":346,"column":51}},"143":{"start":{"line":347,"column":4},"end":{"line":347,"column":67}},"144":{"start":{"line":352,"column":4},"end":{"line":364,"column":7}},"145":{"start":{"line":370,"column":4},"end":{"line":370,"column":55}},"146":{"start":{"line":372,"column":4},"end":{"line":372,"column":68}},"147":{"start":{"line":373,"column":4},"end":{"line":373,"column":69}},"148":{"start":{"line":374,"column":4},"end":{"line":374,"column":73}},"149":{"start":{"line":377,"column":18},"end":{"line":377,"column":64}},"150":{"start":{"line":378,"column":4},"end":{"line":382,"column":5}},"151":{"start":{"line":379,"column":8},"end":{"line":379,"column":48}},"152":{"start":{"line":380,"column":8},"end":{"line":380,"column":43}},"153":{"start":{"line":381,"column":8},"end":{"line":381,"column":43}},"154":{"start":{"line":385,"column":30},"end":{"line":385,"column":75}},"155":{"start":{"line":386,"column":4},"end":{"line":386,"column":59}},"156":{"start":{"line":387,"column":4},"end":{"line":387,"column":41}},"157":{"start":{"line":388,"column":4},"end":{"line":388,"column":67}},"158":{"start":{"line":393,"column":4},"end":{"line":408,"column":7}},"159":{"start":{"line":414,"column":25},"end":{"line":414,"column":60}},"160":{"start":{"line":415,"column":4},"end":{"line":415,"column":46}},"161":{"start":{"line":415,"column":32},"end":{"line":415,"column":44}},"162":{"start":{"line":419,"column":19},"end":{"line":427,"column":5}},"163":{"start":{"line":428,"column":4},"end":{"line":428,"column":37}},"164":{"start":{"line":433,"column":25},"end":{"line":433,"column":60}},"165":{"start":{"line":434,"column":4},"end":{"line":434,"column":46}},"166":{"start":{"line":434,"column":32},"end":{"line":434,"column":44}},"167":{"start":{"line":438,"column":19},"end":{"line":443,"column":5}},"168":{"start":{"line":444,"column":4},"end":{"line":444,"column":37}},"169":{"start":{"line":448,"column":25},"end":{"line":448,"column":71}},"170":{"start":{"line":449,"column":21},"end":{"line":449,"column":63}},"171":{"start":{"line":450,"column":28},"end":{"line":450,"column":78}},"172":{"start":{"line":451,"column":26},"end":{"line":451,"column":74}},"173":{"start":{"line":453,"column":25},"end":{"line":459,"column":6}},"174":{"start":{"line":454,"column":28},"end":{"line":454,"column":86}},"175":{"start":{"line":455,"column":24},"end":{"line":455,"column":87}},"176":{"start":{"line":456,"column":21},"end":{"line":456,"column":70}},"177":{"start":{"line":457,"column":26},"end":{"line":457,"column":136}},"178":{"start":{"line":458,"column":8},"end":{"line":458,"column":51}},"179":{"start":{"line":461,"column":22},"end":{"line":461,"column":64}},"180":{"start":{"line":462,"column":4},"end":{"line":462,"column":33}},"181":{"start":{"line":467,"column":18},"end":{"line":467,"column":20}},"182":{"start":{"line":468,"column":18},"end":{"line":468,"column":20}},"183":{"start":{"line":470,"column":4},"end":{"line":482,"column":7}},"184":{"start":{"line":471,"column":23},"end":{"line":471,"column":147}},"185":{"start":{"line":472,"column":23},"end":{"line":472,"column":147}},"186":{"start":{"line":474,"column":8},"end":{"line":476,"column":9}},"187":{"start":{"line":474,"column":32},"end":{"line":474,"column":50}},"188":{"start":{"line":475,"column":12},"end":{"line":475,"column":39}},"189":{"start":{"line":477,"column":8},"end":{"line":479,"column":9}},"190":{"start":{"line":477,"column":32},"end":{"line":477,"column":50}},"191":{"start":{"line":478,"column":12},"end":{"line":478,"column":39}},"192":{"start":{"line":481,"column":8},"end":{"line":481,"column":39}},"193":{"start":{"line":484,"column":18},"end":{"line":484,"column":21}},"194":{"start":{"line":485,"column":19},"end":{"line":485,"column":22}},"195":{"start":{"line":487,"column":16},"end":{"line":489,"column":31}},"196":{"start":{"line":491,"column":23},"end":{"line":494,"column":63}},"197":{"start":{"line":492,"column":51},"end":{"line":492,"column":55}},"198":{"start":{"line":496,"column":17},"end":{"line":501,"column":31}},"199":{"start":{"line":503,"column":17},"end":{"line":508,"column":32}},"200":{"start":{"line":510,"column":18},"end":{"line":515,"column":24}},"201":{"start":{"line":515,"column":19},"end":{"line":515,"column":23}},"202":{"start":{"line":517,"column":4},"end":{"line":528,"column":7}},"203":{"start":{"line":518,"column":8},"end":{"line":521,"column":41}},"204":{"start":{"line":518,"column":29},"end":{"line":518,"column":39}},"205":{"start":{"line":519,"column":29},"end":{"line":519,"column":39}},"206":{"start":{"line":520,"column":29},"end":{"line":520,"column":39}},"207":{"start":{"line":521,"column":29},"end":{"line":521,"column":39}},"208":{"start":{"line":523,"column":8},"end":{"line":524,"column":34}},"209":{"start":{"line":523,"column":29},"end":{"line":523,"column":32}},"210":{"start":{"line":524,"column":29},"end":{"line":524,"column":32}},"211":{"start":{"line":526,"column":8},"end":{"line":527,"column":33}},"212":{"start":{"line":526,"column":29},"end":{"line":526,"column":32}},"213":{"start":{"line":527,"column":28},"end":{"line":527,"column":31}},"214":{"start":{"line":532,"column":26},"end":{"line":532,"column":28}},"215":{"start":{"line":534,"column":22},"end":{"line":534,"column":49}},"216":{"start":{"line":535,"column":20},"end":{"line":535,"column":45}},"217":{"start":{"line":538,"column":4},"end":{"line":572,"column":7}},"218":{"start":{"line":540,"column":32},"end":{"line":540,"column":102}},"219":{"start":{"line":541,"column":36},"end":{"line":541,"column":125}},"220":{"start":{"line":543,"column":8},"end":{"line":571,"column":9}},"221":{"start":{"line":545,"column":35},"end":{"line":545,"column":37}},"222":{"start":{"line":548,"column":12},"end":{"line":565,"column":13}},"223":{"start":{"line":548,"column":28},"end":{"line":548,"column":47}},"224":{"start":{"line":549,"column":31},"end":{"line":549,"column":63}},"225":{"start":{"line":550,"column":16},"end":{"line":550,"column":59}},"226":{"start":{"line":553,"column":16},"end":{"line":564,"column":19}},"227":{"start":{"line":554,"column":20},"end":{"line":563,"column":21}},"228":{"start":{"line":555,"column":41},"end":{"line":555,"column":90}},"229":{"start":{"line":556,"column":24},"end":{"line":562,"column":25}},"230":{"start":{"line":557,"column":46},"end":{"line":557,"column":101}},"231":{"start":{"line":558,"column":44},"end":{"line":558,"column":96}},"232":{"start":{"line":559,"column":28},"end":{"line":561,"column":29}},"233":{"start":{"line":559,"column":41},"end":{"line":559,"column":50}},"234":{"start":{"line":560,"column":32},"end":{"line":560,"column":62}},"235":{"start":{"line":567,"column":12},"end":{"line":570,"column":15}},"236":{"start":{"line":574,"column":4},"end":{"line":574,"column":25}},"237":{"start":{"line":579,"column":23},"end":{"line":579,"column":72}},"238":{"start":{"line":580,"column":23},"end":{"line":580,"column":66}},"239":{"start":{"line":580,"column":60},"end":{"line":580,"column":65}},"240":{"start":{"line":582,"column":19},"end":{"line":582,"column":63}},"241":{"start":{"line":583,"column":16},"end":{"line":583,"column":48}},"242":{"start":{"line":584,"column":17},"end":{"line":584,"column":49}},"243":{"start":{"line":586,"column":16},"end":{"line":590,"column":69}},"244":{"start":{"line":592,"column":14},"end":{"line":595,"column":22}},"245":{"start":{"line":597,"column":14},"end":{"line":600,"column":22}},"246":{"start":{"line":602,"column":4},"end":{"line":604,"column":32}},"247":{"start":{"line":606,"column":4},"end":{"line":607,"column":30}},"248":{"start":{"line":609,"column":23},"end":{"line":610,"column":23}},"249":{"start":{"line":612,"column":4},"end":{"line":624,"column":7}},"250":{"start":{"line":613,"column":8},"end":{"line":623,"column":11}},"251":{"start":{"line":614,"column":29},"end":{"line":614,"column":51}},"252":{"start":{"line":615,"column":12},"end":{"line":622,"column":15}},"253":{"start":{"line":616,"column":16},"end":{"line":621,"column":54}},"254":{"start":{"line":628,"column":21},"end":{"line":628,"column":70}},"255":{"start":{"line":629,"column":25},"end":{"line":629,"column":78}},"256":{"start":{"line":630,"column":22},"end":{"line":630,"column":80}},"257":{"start":{"line":631,"column":20},"end":{"line":631,"column":76}},"258":{"start":{"line":633,"column":20},"end":{"line":638,"column":5}},"259":{"start":{"line":640,"column":26},"end":{"line":640,"column":66}},"260":{"start":{"line":641,"column":4},"end":{"line":641,"column":31}}},"fnMap":{"0":{"name":"(anonymous_0)","decl":{"start":{"line":14,"column":46},"end":{"line":14,"column":47}},"loc":{"start":{"line":14,"column":52},"end":{"line":155,"column":1}},"line":14},"1":{"name":"(anonymous_1)","decl":{"start":{"line":15,"column":76},"end":{"line":15,"column":77}},"loc":{"start":{"line":15,"column":87},"end":{"line":25,"column":5}},"line":15},"2":{"name":"(anonymous_2)","decl":{"start":{"line":27,"column":66},"end":{"line":27,"column":67}},"loc":{"start":{"line":27,"column":77},"end":{"line":33,"column":5}},"line":27},"3":{"name":"(anonymous_3)","decl":{"start":{"line":35,"column":67},"end":{"line":35,"column":68}},"loc":{"start":{"line":35,"column":78},"end":{"line":41,"column":5}},"line":35},"4":{"name":"(anonymous_4)","decl":{"start":{"line":43,"column":65},"end":{"line":43,"column":66}},"loc":{"start":{"line":43,"column":76},"end":{"line":45,"column":5}},"line":43},"5":{"name":"(anonymous_5)","decl":{"start":{"line":47,"column":75},"end":{"line":47,"column":76}},"loc":{"start":{"line":47,"column":86},"end":{"line":49,"column":5}},"line":47},"6":{"name":"(anonymous_6)","decl":{"start":{"line":51,"column":76},"end":{"line":51,"column":77}},"loc":{"start":{"line":51,"column":87},"end":{"line":53,"column":5}},"line":51},"7":{"name":"(anonymous_7)","decl":{"start":{"line":58,"column":68},"end":{"line":58,"column":69}},"loc":{"start":{"line":58,"column":74},"end":{"line":58,"column":94}},"line":58},"8":{"name":"(anonymous_8)","decl":{"start":{"line":59,"column":67},"end":{"line":59,"column":68}},"loc":{"start":{"line":59,"column":73},"end":{"line":59,"column":92}},"line":59},"9":{"name":"(anonymous_9)","decl":{"start":{"line":73,"column":19},"end":{"line":73,"column":20}},"loc":{"start":{"line":73,"column":30},"end":{"line":75,"column":5}},"line":73},"10":{"name":"(anonymous_10)","decl":{"start":{"line":77,"column":21},"end":{"line":77,"column":22}},"loc":{"start":{"line":77,"column":37},"end":{"line":81,"column":5}},"line":77},"11":{"name":"(anonymous_11)","decl":{"start":{"line":87,"column":21},"end":{"line":87,"column":22}},"loc":{"start":{"line":87,"column":32},"end":{"line":89,"column":5}},"line":87},"12":{"name":"(anonymous_12)","decl":{"start":{"line":91,"column":21},"end":{"line":91,"column":22}},"loc":{"start":{"line":91,"column":37},"end":{"line":95,"column":5}},"line":91},"13":{"name":"(anonymous_13)","decl":{"start":{"line":98,"column":76},"end":{"line":98,"column":77}},"loc":{"start":{"line":98,"column":92},"end":{"line":118,"column":5}},"line":98},"14":{"name":"(anonymous_14)","decl":{"start":{"line":122,"column":77},"end":{"line":122,"column":78}},"loc":{"start":{"line":122,"column":93},"end":{"line":146,"column":5}},"line":122},"15":{"name":"showModal","decl":{"start":{"line":157,"column":9},"end":{"line":157,"column":18}},"loc":{"start":{"line":157,"column":21},"end":{"line":160,"column":1}},"line":157},"16":{"name":"showUCModal","decl":{"start":{"line":162,"column":9},"end":{"line":162,"column":20}},"loc":{"start":{"line":162,"column":23},"end":{"line":165,"column":1}},"line":162},"17":{"name":"handleClassroomFile","decl":{"start":{"line":167,"column":9},"end":{"line":167,"column":28}},"loc":{"start":{"line":167,"column":36},"end":{"line":177,"column":1}},"line":167},"18":{"name":"(anonymous_18)","decl":{"start":{"line":171,"column":18},"end":{"line":171,"column":19}},"loc":{"start":{"line":171,"column":31},"end":{"line":175,"column":9}},"line":171},"19":{"name":"handleFileSelect","decl":{"start":{"line":179,"column":9},"end":{"line":179,"column":25}},"loc":{"start":{"line":179,"column":37},"end":{"line":204,"column":1}},"line":179},"20":{"name":"(anonymous_20)","decl":{"start":{"line":184,"column":22},"end":{"line":184,"column":23}},"loc":{"start":{"line":184,"column":40},"end":{"line":187,"column":13}},"line":184},"21":{"name":"(anonymous_21)","decl":{"start":{"line":188,"column":19},"end":{"line":188,"column":20}},"loc":{"start":{"line":188,"column":35},"end":{"line":191,"column":13}},"line":188},"22":{"name":"(anonymous_22)","decl":{"start":{"line":198,"column":22},"end":{"line":198,"column":23}},"loc":{"start":{"line":198,"column":40},"end":{"line":201,"column":13}},"line":198},"23":{"name":"initializeTable2","decl":{"start":{"line":206,"column":9},"end":{"line":206,"column":25}},"loc":{"start":{"line":206,"column":32},"end":{"line":250,"column":1}},"line":206},"24":{"name":"initializeTable","decl":{"start":{"line":252,"column":9},"end":{"line":252,"column":24}},"loc":{"start":{"line":252,"column":31},"end":{"line":274,"column":1}},"line":252},"25":{"name":"applyCustomFilters","decl":{"start":{"line":276,"column":9},"end":{"line":276,"column":27}},"loc":{"start":{"line":276,"column":30},"end":{"line":295,"column":1}},"line":276},"26":{"name":"(anonymous_26)","decl":{"start":{"line":282,"column":38},"end":{"line":282,"column":39}},"loc":{"start":{"line":282,"column":49},"end":{"line":282,"column":107}},"line":282},"27":{"name":"(anonymous_27)","decl":{"start":{"line":286,"column":26},"end":{"line":286,"column":27}},"loc":{"start":{"line":286,"column":36},"end":{"line":292,"column":9}},"line":286},"28":{"name":"(anonymous_28)","decl":{"start":{"line":287,"column":32},"end":{"line":287,"column":33}},"loc":{"start":{"line":287,"column":42},"end":{"line":291,"column":13}},"line":287},"29":{"name":"setFilterMode","decl":{"start":{"line":297,"column":9},"end":{"line":297,"column":22}},"loc":{"start":{"line":297,"column":29},"end":{"line":300,"column":1}},"line":297},"30":{"name":"exportToJSON","decl":{"start":{"line":302,"column":9},"end":{"line":302,"column":21}},"loc":{"start":{"line":302,"column":24},"end":{"line":306,"column":1}},"line":302},"31":{"name":"exportToCSV","decl":{"start":{"line":308,"column":9},"end":{"line":308,"column":20}},"loc":{"start":{"line":308,"column":23},"end":{"line":310,"column":1}},"line":308},"32":{"name":"downloadData","decl":{"start":{"line":312,"column":9},"end":{"line":312,"column":21}},"loc":{"start":{"line":312,"column":51},"end":{"line":324,"column":1}},"line":312},"33":{"name":"(anonymous_33)","decl":{"start":{"line":320,"column":15},"end":{"line":320,"column":16}},"loc":{"start":{"line":320,"column":21},"end":{"line":323,"column":5}},"line":320},"34":{"name":"showSubstitutionTable","decl":{"start":{"line":327,"column":9},"end":{"line":327,"column":30}},"loc":{"start":{"line":327,"column":40},"end":{"line":348,"column":1}},"line":327},"35":{"name":"initializeSubstitutionTable","decl":{"start":{"line":351,"column":9},"end":{"line":351,"column":36}},"loc":{"start":{"line":351,"column":43},"end":{"line":365,"column":1}},"line":351},"36":{"name":"showUCAllocationTable","decl":{"start":{"line":369,"column":9},"end":{"line":369,"column":30}},"loc":{"start":{"line":369,"column":40},"end":{"line":389,"column":1}},"line":369},"37":{"name":"initializeUCTable","decl":{"start":{"line":392,"column":9},"end":{"line":392,"column":26}},"loc":{"start":{"line":392,"column":33},"end":{"line":409,"column":1}},"line":392},"38":{"name":"removeSelectedRows","decl":{"start":{"line":413,"column":9},"end":{"line":413,"column":27}},"loc":{"start":{"line":413,"column":30},"end":{"line":416,"column":1}},"line":413},"39":{"name":"(anonymous_39)","decl":{"start":{"line":415,"column":25},"end":{"line":415,"column":26}},"loc":{"start":{"line":415,"column":32},"end":{"line":415,"column":44}},"line":415},"40":{"name":"addAlternativeRow","decl":{"start":{"line":418,"column":9},"end":{"line":418,"column":26}},"loc":{"start":{"line":418,"column":29},"end":{"line":429,"column":1}},"line":418},"41":{"name":"removeSelectedRowsSub","decl":{"start":{"line":432,"column":9},"end":{"line":432,"column":30}},"loc":{"start":{"line":432,"column":33},"end":{"line":435,"column":1}},"line":432},"42":{"name":"(anonymous_42)","decl":{"start":{"line":434,"column":25},"end":{"line":434,"column":26}},"loc":{"start":{"line":434,"column":32},"end":{"line":434,"column":44}},"line":434},"43":{"name":"addAlternativeRowSub","decl":{"start":{"line":437,"column":9},"end":{"line":437,"column":29}},"loc":{"start":{"line":437,"column":32},"end":{"line":445,"column":1}},"line":437},"44":{"name":"applyGraphFilters","decl":{"start":{"line":447,"column":9},"end":{"line":447,"column":26}},"loc":{"start":{"line":447,"column":29},"end":{"line":463,"column":1}},"line":447},"45":{"name":"(anonymous_45)","decl":{"start":{"line":453,"column":40},"end":{"line":453,"column":41}},"loc":{"start":{"line":453,"column":48},"end":{"line":459,"column":5}},"line":453},"46":{"name":"drawConflictGraph","decl":{"start":{"line":466,"column":9},"end":{"line":466,"column":26}},"loc":{"start":{"line":466,"column":38},"end":{"line":529,"column":1}},"line":466},"47":{"name":"(anonymous_47)","decl":{"start":{"line":470,"column":22},"end":{"line":470,"column":23}},"loc":{"start":{"line":470,"column":34},"end":{"line":482,"column":5}},"line":470},"48":{"name":"(anonymous_48)","decl":{"start":{"line":474,"column":24},"end":{"line":474,"column":25}},"loc":{"start":{"line":474,"column":32},"end":{"line":474,"column":50}},"line":474},"49":{"name":"(anonymous_49)","decl":{"start":{"line":477,"column":24},"end":{"line":477,"column":25}},"loc":{"start":{"line":477,"column":32},"end":{"line":477,"column":50}},"line":477},"50":{"name":"(anonymous_50)","decl":{"start":{"line":492,"column":46},"end":{"line":492,"column":47}},"loc":{"start":{"line":492,"column":51},"end":{"line":492,"column":55}},"line":492},"51":{"name":"(anonymous_51)","decl":{"start":{"line":515,"column":14},"end":{"line":515,"column":15}},"loc":{"start":{"line":515,"column":19},"end":{"line":515,"column":23}},"line":515},"52":{"name":"(anonymous_52)","decl":{"start":{"line":517,"column":26},"end":{"line":517,"column":27}},"loc":{"start":{"line":517,"column":32},"end":{"line":528,"column":5}},"line":517},"53":{"name":"(anonymous_53)","decl":{"start":{"line":518,"column":24},"end":{"line":518,"column":25}},"loc":{"start":{"line":518,"column":29},"end":{"line":518,"column":39}},"line":518},"54":{"name":"(anonymous_54)","decl":{"start":{"line":519,"column":24},"end":{"line":519,"column":25}},"loc":{"start":{"line":519,"column":29},"end":{"line":519,"column":39}},"line":519},"55":{"name":"(anonymous_55)","decl":{"start":{"line":520,"column":24},"end":{"line":520,"column":25}},"loc":{"start":{"line":520,"column":29},"end":{"line":520,"column":39}},"line":520},"56":{"name":"(anonymous_56)","decl":{"start":{"line":521,"column":24},"end":{"line":521,"column":25}},"loc":{"start":{"line":521,"column":29},"end":{"line":521,"column":39}},"line":521},"57":{"name":"(anonymous_57)","decl":{"start":{"line":523,"column":24},"end":{"line":523,"column":25}},"loc":{"start":{"line":523,"column":29},"end":{"line":523,"column":32}},"line":523},"58":{"name":"(anonymous_58)","decl":{"start":{"line":524,"column":24},"end":{"line":524,"column":25}},"loc":{"start":{"line":524,"column":29},"end":{"line":524,"column":32}},"line":524},"59":{"name":"(anonymous_59)","decl":{"start":{"line":526,"column":24},"end":{"line":526,"column":25}},"loc":{"start":{"line":526,"column":29},"end":{"line":526,"column":32}},"line":526},"60":{"name":"(anonymous_60)","decl":{"start":{"line":527,"column":23},"end":{"line":527,"column":24}},"loc":{"start":{"line":527,"column":28},"end":{"line":527,"column":31}},"line":527},"61":{"name":"processRoomData","decl":{"start":{"line":531,"column":9},"end":{"line":531,"column":24}},"loc":{"start":{"line":531,"column":50},"end":{"line":575,"column":1}},"line":531},"62":{"name":"(anonymous_62)","decl":{"start":{"line":538,"column":18},"end":{"line":538,"column":19}},"loc":{"start":{"line":538,"column":26},"end":{"line":572,"column":5}},"line":538},"63":{"name":"(anonymous_63)","decl":{"start":{"line":553,"column":32},"end":{"line":553,"column":33}},"loc":{"start":{"line":553,"column":40},"end":{"line":564,"column":17}},"line":553},"64":{"name":"drawHeatmap","decl":{"start":{"line":578,"column":9},"end":{"line":578,"column":20}},"loc":{"start":{"line":578,"column":27},"end":{"line":625,"column":1}},"line":578},"65":{"name":"(anonymous_65)","decl":{"start":{"line":580,"column":50},"end":{"line":580,"column":51}},"loc":{"start":{"line":580,"column":60},"end":{"line":580,"column":65}},"line":580},"66":{"name":"(anonymous_66)","decl":{"start":{"line":612,"column":17},"end":{"line":612,"column":18}},"loc":{"start":{"line":612,"column":29},"end":{"line":624,"column":5}},"line":612},"67":{"name":"(anonymous_67)","decl":{"start":{"line":613,"column":49},"end":{"line":613,"column":50}},"loc":{"start":{"line":613,"column":56},"end":{"line":623,"column":9}},"line":613},"68":{"name":"(anonymous_68)","decl":{"start":{"line":615,"column":45},"end":{"line":615,"column":46}},"loc":{"start":{"line":615,"column":67},"end":{"line":622,"column":13}},"line":615},"69":{"name":"applyHeatmapFilters","decl":{"start":{"line":627,"column":9},"end":{"line":627,"column":28}},"loc":{"start":{"line":627,"column":31},"end":{"line":642,"column":1}},"line":627}},"branchMap":{"0":{"loc":{"start":{"line":17,"column":8},"end":{"line":24,"column":9}},"type":"if","locations":[{"start":{"line":17,"column":8},"end":{"line":24,"column":9}},{"start":{"line":22,"column":15},"end":{"line":24,"column":9}}],"line":17},"1":{"loc":{"start":{"line":19,"column":12},"end":{"line":21,"column":13}},"type":"if","locations":[{"start":{"line":19,"column":12},"end":{"line":21,"column":13}},{"start":{},"end":{}}],"line":19},"2":{"loc":{"start":{"line":78,"column":8},"end":{"line":80,"column":9}},"type":"if","locations":[{"start":{"line":78,"column":8},"end":{"line":80,"column":9}},{"start":{},"end":{}}],"line":78},"3":{"loc":{"start":{"line":92,"column":8},"end":{"line":94,"column":9}},"type":"if","locations":[{"start":{"line":92,"column":8},"end":{"line":94,"column":9}},{"start":{},"end":{}}],"line":92},"4":{"loc":{"start":{"line":180,"column":4},"end":{"line":203,"column":5}},"type":"if","locations":[{"start":{"line":180,"column":4},"end":{"line":203,"column":5}},{"start":{"line":193,"column":11},"end":{"line":203,"column":5}}],"line":180},"5":{"loc":{"start":{"line":281,"column":4},"end":{"line":294,"column":5}},"type":"if","locations":[{"start":{"line":281,"column":4},"end":{"line":294,"column":5}},{"start":{"line":284,"column":11},"end":{"line":294,"column":5}}],"line":281},"6":{"loc":{"start":{"line":288,"column":35},"end":{"line":288,"column":104}},"type":"cond-expr","locations":[{"start":{"line":288,"column":56},"end":{"line":288,"column":99}},{"start":{"line":288,"column":102},"end":{"line":288,"column":104}}],"line":288},"7":{"loc":{"start":{"line":337,"column":4},"end":{"line":341,"column":5}},"type":"if","locations":[{"start":{"line":337,"column":4},"end":{"line":341,"column":5}},{"start":{},"end":{}}],"line":337},"8":{"loc":{"start":{"line":378,"column":4},"end":{"line":382,"column":5}},"type":"if","locations":[{"start":{"line":378,"column":4},"end":{"line":382,"column":5}},{"start":{},"end":{}}],"line":378},"9":{"loc":{"start":{"line":454,"column":28},"end":{"line":454,"column":86}},"type":"cond-expr","locations":[{"start":{"line":454,"column":43},"end":{"line":454,"column":79}},{"start":{"line":454,"column":82},"end":{"line":454,"column":86}}],"line":454},"10":{"loc":{"start":{"line":455,"column":24},"end":{"line":455,"column":87}},"type":"cond-expr","locations":[{"start":{"line":455,"column":35},"end":{"line":455,"column":80}},{"start":{"line":455,"column":83},"end":{"line":455,"column":87}}],"line":455},"11":{"loc":{"start":{"line":457,"column":26},"end":{"line":457,"column":136}},"type":"binary-expr","locations":[{"start":{"line":457,"column":27},"end":{"line":457,"column":43}},{"start":{"line":457,"column":47},"end":{"line":457,"column":80}},{"start":{"line":457,"column":86},"end":{"line":457,"column":100}},{"start":{"line":457,"column":104},"end":{"line":457,"column":135}}],"line":457},"12":{"loc":{"start":{"line":458,"column":15},"end":{"line":458,"column":50}},"type":"binary-expr","locations":[{"start":{"line":458,"column":15},"end":{"line":458,"column":26}},{"start":{"line":458,"column":30},"end":{"line":458,"column":37}},{"start":{"line":458,"column":41},"end":{"line":458,"column":50}}],"line":458},"13":{"loc":{"start":{"line":474,"column":8},"end":{"line":476,"column":9}},"type":"if","locations":[{"start":{"line":474,"column":8},"end":{"line":476,"column":9}},{"start":{},"end":{}}],"line":474},"14":{"loc":{"start":{"line":477,"column":8},"end":{"line":479,"column":9}},"type":"if","locations":[{"start":{"line":477,"column":8},"end":{"line":479,"column":9}},{"start":{},"end":{}}],"line":477},"15":{"loc":{"start":{"line":540,"column":32},"end":{"line":540,"column":102}},"type":"cond-expr","locations":[{"start":{"line":540,"column":51},"end":{"line":540,"column":95}},{"start":{"line":540,"column":98},"end":{"line":540,"column":102}}],"line":540},"16":{"loc":{"start":{"line":541,"column":36},"end":{"line":541,"column":125}},"type":"cond-expr","locations":[{"start":{"line":541,"column":59},"end":{"line":541,"column":118}},{"start":{"line":541,"column":121},"end":{"line":541,"column":125}}],"line":541},"17":{"loc":{"start":{"line":543,"column":8},"end":{"line":571,"column":9}},"type":"if","locations":[{"start":{"line":543,"column":8},"end":{"line":571,"column":9}},{"start":{},"end":{}}],"line":543},"18":{"loc":{"start":{"line":543,"column":12},"end":{"line":543,"column":50}},"type":"binary-expr","locations":[{"start":{"line":543,"column":12},"end":{"line":543,"column":27}},{"start":{"line":543,"column":31},"end":{"line":543,"column":50}}],"line":543},"19":{"loc":{"start":{"line":554,"column":20},"end":{"line":563,"column":21}},"type":"if","locations":[{"start":{"line":554,"column":20},"end":{"line":563,"column":21}},{"start":{},"end":{}}],"line":554},"20":{"loc":{"start":{"line":556,"column":24},"end":{"line":562,"column":25}},"type":"if","locations":[{"start":{"line":556,"column":24},"end":{"line":562,"column":25}},{"start":{},"end":{}}],"line":556}},"s":{"0":0,"1":0,"2":0,"3":0,"4":0,"5":0,"6":0,"7":0,"8":0,"9":0,"10":0,"11":0,"12":0,"13":0,"14":0,"15":0,"16":0,"17":0,"18":0,"19":0,"20":0,"21":0,"22":0,"23":0,"24":0,"25":0,"26":0,"27":0,"28":0,"29":0,"30":0,"31":0,"32":0,"33":0,"34":0,"35":0,"36":0,"37":0,"38":0,"39":0,"40":0,"41":0,"42":0,"43":0,"44":0,"45":0,"46":0,"47":0,"48":0,"49":0,"50":0,"51":0,"52":0,"53":0,"54":0,"55":0,"56":0,"57":0,"58":0,"59":0,"60":0,"61":0,"62":0,"63":0,"64":0,"65":0,"66":0,"67":0,"68":0,"69":0,"70":0,"71":0,"72":0,"73":0,"74":0,"75":0,"76":0,"77":0,"78":0,"79":0,"80":0,"81":0,"82":0,"83":0,"84":0,"85":0,"86":0,"87":0,"88":0,"89":0,"90":0,"91":0,"92":0,"93":0,"94":0,"95":0,"96":0,"97":0,"98":0,"99":0,"100":0,"101":0,"102":0,"103":0,"104":0,"105":0,"106":0,"107":0,"108":0,"109":0,"110":0,"111":0,"112":0,"113":0,"114":0,"115":0,"116":0,"117":0,"118":0,"119":0,"120":0,"121":0,"122":0,"123":0,"124":0,"125":0,"126":0,"127":0,"128":0,"129":0,"130":0,"131":0,"132":0,"133":0,"134":0,"135":0,"136":0,"137":0,"138":0,"139":0,"140":0,"141":0,"142":0,"143":0,"144":0,"145":0,"146":0,"147":0,"148":0,"149":0,"150":0,"151":0,"152":0,"153":0,"154":0,"155":0,"156":0,"157":0,"158":0,"159":0,"160":0,"161":0,"162":0,"163":0,"164":0,"165":0,"166":0,"167":0,"168":0,"169":0,"170":0,"171":0,"172":0,"173":0,"174":0,"175":0,"176":0,"177":0,"178":0,"179":0,"180":0,"181":0,"182":0,"183":0,"184":0,"185":0,"186":0,"187":0,"188":0,"189":0,"190":0,"191":0,"192":0,"193":0,"194":0,"195":0,"196":0,"197":0,"198":0,"199":0,"200":0,"201":0,"202":0,"203":0,"204":0,"205":0,"206":0,"207":0,"208":0,"209":0,"210":0,"211":0,"212":0,"213":0,"214":0,"215":0,"216":0,"217":0,"218":0,"219":0,"220":0,"221":0,"222":0,"223":0,"224":0,"225":0,"226":0,"227":0,"228":0,"229":0,"230":0,"231":0,"232":0,"233":0,"234":0,"235":0,"236":0,"237":0,"238":0,"239":0,"240":0,"241":0,"242":0,"243":0,"244":0,"245":0,"246":0,"247":0,"248":0,"249":0,"250":0,"251":0,"252":0,"253":0,"254":0,"255":0,"256":0,"257":0,"258":0,"259":0,"260":0},"f":{"0":0,"1":0,"2":0,"3":0,"4":0,"5":0,"6":0,"7":0,"8":0,"9":0,"10":0,"11":0,"12":0,"13":0,"14":0,"15":0,"16":0,"17":0,"18":0,"19":0,"20":0,"21":0,"22":0,"23":0,"24":0,"25":0,"26":0,"27":0,"28":0,"29":0,"30":0,"31":0,"32":0,"33":0,"34":0,"35":0,"36":0,"37":0,"38":0,"39":0,"40":0,"41":0,"42":0,"43":0,"44":0,"45":0,"46":0,"47":0,"48":0,"49":0,"50":0,"51":0,"52":0,"53":0,"54":0,"55":0,"56":0,"57":0,"58":0,"59":0,"60":0,"61":0,"62":0,"63":0,"64":0,"65":0,"66":0,"67":0,"68":0,"69":0},"b":{"0":[0,0],"1":[0,0],"2":[0,0],"3":[0,0],"4":[0,0],"5":[0,0],"6":[0,0],"7":[0,0],"8":[0,0],"9":[0,0],"10":[0,0],"11":[0,0,0,0],"12":[0,0,0],"13":[0,0],"14":[0,0],"15":[0,0],"16":[0,0],"17":[0,0],"18":[0,0],"19":[0,0],"20":[0,0]}}
}
