TN:
SF:src\ClassScheduler.js
FN:11,(anonymous_0)
FN:28,(anonymous_1)
FN:83,(anonymous_2)
FN:90,(anonymous_3)
FN:102,(anonymous_4)
FN:103,(anonymous_5)
FN:109,(anonymous_6)
FN:111,(anonymous_7)
FN:166,(anonymous_8)
FN:168,(anonymous_9)
FN:171,(anonymous_10)
FN:182,(anonymous_11)
FN:183,(anonymous_12)
FN:185,(anonymous_13)
FN:201,(anonymous_14)
FN:220,(anonymous_15)
FN:238,(anonymous_16)
FNF:17
FNH:11
FNDA:2,(anonymous_0)
FNDA:2,(anonymous_1)
FNDA:0,(anonymous_2)
FNDA:0,(anonymous_3)
FNDA:0,(anonymous_4)
FNDA:0,(anonymous_5)
FNDA:0,(anonymous_6)
FNDA:0,(anonymous_7)
FNDA:1,(anonymous_8)
FNDA:2,(anonymous_9)
FNDA:1,(anonymous_10)
FNDA:1,(anonymous_11)
FNDA:2,(anonymous_12)
FNDA:1,(anonymous_13)
FNDA:2,(anonymous_14)
FNDA:1,(anonymous_15)
FNDA:3,(anonymous_16)
DA:12,2
DA:13,1
DA:14,1
DA:17,1
DA:29,2
DA:30,1
DA:31,1
DA:34,1
DA:35,1
DA:37,1
DA:38,2
DA:39,2
DA:40,2
DA:47,2
DA:49,0
DA:53,1
DA:84,0
DA:85,0
DA:86,0
DA:87,0
DA:90,0
DA:91,0
DA:92,0
DA:93,0
DA:94,0
DA:96,0
DA:99,0
DA:100,0
DA:102,0
DA:103,0
DA:104,0
DA:105,0
DA:106,0
DA:109,0
DA:110,0
DA:111,0
DA:112,0
DA:117,0
DA:119,0
DA:167,1
DA:168,1
DA:169,2
DA:171,1
DA:172,1
DA:183,1
DA:184,2
DA:186,1
DA:187,1
DA:188,1
DA:189,1
DA:190,1
DA:192,0
DA:195,0
DA:198,1
DA:199,1
DA:201,1
DA:202,2
DA:203,1
DA:205,2
DA:208,1
DA:209,1
DA:212,1
DA:221,1
DA:222,1
DA:223,2
DA:224,1
DA:225,1
DA:229,1
DA:239,3
DA:240,3
DA:241,3
DA:242,1
DA:245,2
DA:246,2
DA:247,2
DA:248,2
DA:250,2
LF:77
LH:51
BRDA:12,0,0,1
BRDA:12,0,1,1
BRDA:12,1,0,2
BRDA:12,1,1,1
BRDA:29,2,0,1
BRDA:29,2,1,1
BRDA:29,3,0,2
BRDA:29,3,1,1
BRDA:38,4,0,2
BRDA:38,4,1,0
BRDA:84,5,0,0
BRDA:84,5,1,0
BRDA:84,6,0,0
BRDA:84,6,1,0
BRDA:91,7,0,0
BRDA:91,7,1,0
BRDA:94,8,0,0
BRDA:94,8,1,0
BRDA:186,9,0,1
BRDA:186,9,1,0
BRDA:186,10,0,1
BRDA:186,10,1,1
BRDA:189,11,0,1
BRDA:189,11,1,0
BRDA:202,12,0,1
BRDA:202,12,1,1
BRDA:208,13,0,1
BRDA:208,13,1,0
BRDA:224,14,0,1
BRDA:224,14,1,0
BRDA:241,15,0,1
BRDA:241,15,1,2
BRDA:250,16,0,2
BRDA:250,16,1,2
BRF:34
BRH:21
end_of_record
TN:
SF:src\DateConverter.js
FN:7,(anonymous_0)
FN:24,(anonymous_1)
FN:25,(anonymous_2)
FN:49,(anonymous_3)
FN:62,(anonymous_4)
FNF:5
FNH:5
FNDA:5,(anonymous_0)
FNDA:3,(anonymous_1)
FNDA:4,(anonymous_2)
FNDA:3,(anonymous_3)
FNDA:15,(anonymous_4)
DA:8,5
DA:9,1
DA:10,1
DA:12,4
DA:13,4
DA:14,4
DA:15,4
DA:16,4
DA:25,3
DA:26,4
DA:27,1
DA:28,1
DA:31,3
DA:32,3
DA:33,1
DA:34,1
DA:37,2
DA:38,2
DA:39,2
DA:40,2
DA:50,3
DA:51,3
DA:52,3
DA:53,3
DA:54,3
DA:63,15
DA:64,5
DA:65,10
DA:66,4
DA:68,6
LF:30
LH:30
BRDA:8,0,0,1
BRDA:8,0,1,4
BRDA:26,1,0,1
BRDA:26,1,1,3
BRDA:32,2,0,1
BRDA:32,2,1,2
BRDA:51,3,0,3
BRDA:51,3,1,0
BRDA:63,4,0,5
BRDA:63,4,1,10
BRDA:63,5,0,15
BRDA:63,5,1,12
BRDA:65,6,0,4
BRDA:65,6,1,6
BRDA:65,7,0,10
BRDA:65,7,1,5
BRF:16
BRH:15
end_of_record
