TN:
SF:src\ClassScheduler.js
FN:4,(anonymous_0)
FN:13,(anonymous_1)
FN:39,(anonymous_2)
FN:46,(anonymous_3)
FN:58,(anonymous_4)
FN:59,(anonymous_5)
FN:65,(anonymous_6)
FN:67,(anonymous_7)
FN:79,(anonymous_8)
FN:81,(anonymous_9)
FN:84,(anonymous_10)
FN:88,(anonymous_11)
FN:89,(anonymous_12)
FN:91,(anonymous_13)
FN:107,(anonymous_14)
FN:121,(anonymous_15)
FN:133,(anonymous_16)
FNF:17
FNH:11
FNDA:2,(anonymous_0)
FNDA:2,(anonymous_1)
FNDA:0,(anonymous_2)
FNDA:0,(anonymous_3)
FNDA:0,(anonymous_4)
FNDA:0,(anonymous_5)
FNDA:0,(anonymous_6)
FNDA:0,(anonymous_7)
FNDA:1,(anonymous_8)
FNDA:2,(anonymous_9)
FNDA:1,(anonymous_10)
FNDA:1,(anonymous_11)
FNDA:2,(anonymous_12)
FNDA:1,(anonymous_13)
FNDA:2,(anonymous_14)
FNDA:1,(anonymous_15)
FNDA:3,(anonymous_16)
DA:5,2
DA:6,1
DA:7,1
DA:10,1
DA:14,2
DA:15,1
DA:16,1
DA:19,1
DA:20,1
DA:22,1
DA:23,2
DA:24,2
DA:25,2
DA:32,0
DA:36,1
DA:40,0
DA:41,0
DA:42,0
DA:43,0
DA:46,0
DA:47,0
DA:48,0
DA:49,0
DA:50,0
DA:52,0
DA:55,0
DA:56,0
DA:58,0
DA:59,0
DA:60,0
DA:61,0
DA:62,0
DA:65,0
DA:66,0
DA:67,0
DA:68,0
DA:73,0
DA:75,0
DA:80,1
DA:81,1
DA:82,2
DA:84,1
DA:85,1
DA:89,1
DA:90,2
DA:92,1
DA:93,1
DA:94,1
DA:95,1
DA:96,1
DA:98,0
DA:101,0
DA:104,1
DA:105,1
DA:107,1
DA:108,2
DA:109,1
DA:111,2
DA:114,1
DA:115,1
DA:118,1
DA:122,1
DA:123,1
DA:124,2
DA:125,1
DA:126,1
DA:130,1
DA:134,3
DA:135,3
DA:136,3
DA:137,1
DA:140,2
DA:141,2
DA:142,2
DA:143,2
DA:145,2
LF:76
LH:50
BRDA:5,0,0,1
BRDA:5,0,1,1
BRDA:5,1,0,2
BRDA:5,1,1,1
BRDA:14,2,0,1
BRDA:14,2,1,1
BRDA:14,3,0,2
BRDA:14,3,1,1
BRDA:23,4,0,2
BRDA:23,4,1,0
BRDA:40,5,0,0
BRDA:40,5,1,0
BRDA:40,6,0,0
BRDA:40,6,1,0
BRDA:47,7,0,0
BRDA:47,7,1,0
BRDA:50,8,0,0
BRDA:50,8,1,0
BRDA:92,9,0,1
BRDA:92,9,1,0
BRDA:92,10,0,1
BRDA:92,10,1,1
BRDA:95,11,0,1
BRDA:95,11,1,0
BRDA:108,12,0,1
BRDA:108,12,1,1
BRDA:114,13,0,1
BRDA:114,13,1,0
BRDA:125,14,0,1
BRDA:125,14,1,0
BRDA:136,15,0,1
BRDA:136,15,1,2
BRDA:145,16,0,2
BRDA:145,16,1,2
BRF:34
BRH:21
end_of_record
TN:
SF:src\DateConverter.js
FN:7,(anonymous_0)
FN:24,(anonymous_1)
FN:25,(anonymous_2)
FN:49,(anonymous_3)
FN:62,(anonymous_4)
FNF:5
FNH:5
FNDA:5,(anonymous_0)
FNDA:3,(anonymous_1)
FNDA:4,(anonymous_2)
FNDA:3,(anonymous_3)
FNDA:15,(anonymous_4)
DA:8,5
DA:9,1
DA:10,1
DA:12,4
DA:13,4
DA:14,4
DA:15,4
DA:16,4
DA:25,3
DA:26,4
DA:27,1
DA:28,1
DA:31,3
DA:32,3
DA:33,1
DA:34,1
DA:37,2
DA:38,2
DA:39,2
DA:40,2
DA:50,3
DA:51,3
DA:52,3
DA:53,3
DA:54,3
DA:63,15
DA:64,5
DA:65,10
DA:66,4
DA:68,6
LF:30
LH:30
BRDA:8,0,0,1
BRDA:8,0,1,4
BRDA:26,1,0,1
BRDA:26,1,1,3
BRDA:32,2,0,1
BRDA:32,2,1,2
BRDA:51,3,0,3
BRDA:51,3,1,0
BRDA:63,4,0,5
BRDA:63,4,1,10
BRDA:63,5,0,15
BRDA:63,5,1,12
BRDA:65,6,0,4
BRDA:65,6,1,6
BRDA:65,7,0,10
BRDA:65,7,1,5
BRF:16
BRH:15
end_of_record
